[Fri Dec 08 23:36:55.882972 2023] [mpm_winnt:notice] [pid 27136:tid 348] AH00455: Apache/2.4.57 (Win64) PHP/8.2.10 configured -- resuming normal operations
[Fri Dec 08 23:36:55.882972 2023] [mpm_winnt:notice] [pid 27136:tid 348] AH00456: Apache Lounge VS17 Server built: Aug  2 2023 17:28:16
[Fri Dec 08 23:36:55.882972 2023] [core:notice] [pid 27136:tid 348] AH00094: Command line: 'mapache.exe -d C:/Users/Certa/Desktop/calculator_plugin_for_dokuwiki/server'
[Fri Dec 08 23:36:55.891316 2023] [mpm_winnt:notice] [pid 27136:tid 348] AH00418: Parent: Created child process 32116
Apache server shutdown initiated...
pm_winnt:notice] [pid 32116:tid 336] AH00354: Child: Starting 24 worker threads.
VirtualProtect() failed [87] The parameter is incorrect
VirtualProtect() failed [87] The parameter is incorrect
VirtualProtect() failed [87] The parameter is incorrect
VirtualProtect() failed [87] The parameter is incorrect
VirtualProtect() failed [87] The parameter is incorrect
VirtualProtect() failed [87] The parameter is incorrect
VirtualProtect() failed [87] The parameter is incorrect
VirtualProtect() failed [87] The parameter is incorrect
VirtualProtect() failed [87] The parameter is incorrect
VirtualProtect() failed [87] The parameter is incorrect
VirtualProtect() failed [87] The parameter is incorrect
VirtualProtect() failed [87] The parameter is incorrect
VirtualProtect() failed [87] The parameter is incorrect
VirtualProtect() failed [87] The parameter is incorrect
VirtualProtect() failed [87] The parameter is incorrect
VirtualProtect() failed [87] The parameter is incorrect
VirtualProtect() failed [87] The parameter is incorrect
VirtualProtect() failed [87] The parameter is incorrect
VirtualProtect() failed [87] The parameter is incorrect
VirtualProtect() failed [87] The parameter is incorrect
VirtualProtect() failed [87] The parameter is incorrect
VirtualProtect() failed [87] The parameter is incorrect
VirtualProtect() failed [87] The parameter is incorrect
VirtualProtect() failed [87] The parameter is incorrect
VirtualProtect() failed [87] The parameter is incorrect
VirtualProtect() failed [87] The parameter is incorrect
VirtualProtect() failed [87] The parameter is incorrect
VirtualProtect() failed [87] The parameter is incorrect
VirtualProtect() failed [87] The parameter is incorrect
VirtualProtect() failed [87] The parameter is incorrect
VirtualProtect() failed [87] The parameter is incorrect
VirtualProtect() failed [87] The parameter is incorrect
VirtualProtect() failed [87] The parameter is incorrect
VirtualProtect() failed [87] The parameter is incorrect
VirtualProtect() failed [87] The parameter is incorrect
VirtualProtect() failed [87] The parameter is incorrect
VirtualProtect() failed [87] The parameter is incorrect
VirtualProtect() failed [87] The parameter is incorrect
VirtualProtect() failed [87] The parameter is incorrect
VirtualProtect() failed [87] The parameter is incorrect
VirtualProtect() failed [87] The parameter is incorrect
VirtualProtect() failed [87] The parameter is incorrect
VirtualProtect() failed [87] The parameter is incorrect
VirtualProtect() failed [87] The parameter is incorrect
VirtualProtect() failed [87] The parameter is incorrect
VirtualProtect() failed [87] The parameter is incorrect
VirtualProtect() failed [87] The parameter is incorrect
VirtualProtect() failed [87] The parameter is incorrect
VirtualProtect() failed [87] The parameter is incorrect
VirtualProtect() failed [87] The parameter is incorrect
VirtualProtect() failed [87] The parameter is incorrect
VirtualProtect() failed [87] The parameter is incorrect
VirtualProtect() failed [87] The parameter is incorrect
VirtualProtect() failed [87] The parameter is incorrect
VirtualProtect() failed [87] The parameter is incorrect
VirtualProtect() failed [87] The parameter is incorrect
VirtualProtect() failed [87] The parameter is incorrect
VirtualProtect() failed [87] The parameter is incorrect
VirtualProtect() failed [87] The parameter is incorrect
VirtualProtect() failed [87] The parameter is incorrect
VirtualProtect() failed [87] The parameter is incorrect
VirtualProtect() failed [87] The parameter is incorrect
VirtualProtect() failed [87] The parameter is incorrect
VirtualProtect() failed [87] The parameter is incorrect
VirtualProtect() failed [87] The parameter is incorrect
VirtualProtect() failed [87] The parameter is incorrect
VirtualProtect() failed [87] The parameter is incorrect
VirtualProtect() failed [87] The parameter is incorrect
VirtualProtect() failed [87] The parameter is incorrect
VirtualProtect() failed [87] The parameter is incorrect
VirtualProtect() failed [87] The parameter is incorrect
VirtualProtect() failed [87] The parameter is incorrect
VirtualProtect() failed [87] The parameter is incorrect
VirtualProtect() failed [87] The parameter is incorrect
VirtualProtect() failed [87] The parameter is incorrect
VirtualProtect() failed [87] The parameter is incorrect
VirtualProtect() failed [87] The parameter is incorrect
VirtualProtect() failed [87] The parameter is incorrect
VirtualProtect() failed [87] The parameter is incorrect
VirtualProtect() failed [87] The parameter is incorrect
VirtualProtect() failed [87] The parameter is incorrect
VirtualProtect() failed [87] The parameter is incorrect
VirtualProtect() failed [87] The parameter is incorrect
VirtualProtect() failed [87] The parameter is incorrect
VirtualProtect() failed [87] The parameter is incorrect
VirtualProtect() failed [87] The parameter is incorrect
VirtualProtect() failed [87] The parameter is incorrect
VirtualProtect() failed [87] The parameter is incorrect
VirtualProtect() failed [87] The parameter is incorrect
VirtualProtect() failed [87] The parameter is incorrect
VirtualProtect() failed [87] The parameter is incorrect
VirtualProtect() failed [87] The parameter is incorrect
VirtualProtect() failed [87] The parameter is incorrect
VirtualProtect() failed [87] The parameter is incorrect
VirtualProtect() failed [87] The parameter is incorrect
VirtualProtect() failed [87] The parameter is incorrect
VirtualProtect() failed [87] The parameter is incorrect
VirtualProtect() failed [87] The parameter is incorrect
VirtualProtect() failed [87] The parameter is incorrect
VirtualProtect() failed [87] The parameter is incorrect
VirtualProtect() failed [87] The parameter is incorrect
VirtualProtect() failed [87] The parameter is incorrect
VirtualProtect() failed [87] The parameter is incorrect
VirtualProtect() failed [87] The parameter is incorrect
VirtualProtect() failed [87] The parameter is incorrect
VirtualProtect() failed [87] The parameter is incorrect
VirtualProtect() failed [87] The parameter is incorrect
VirtualProtect() failed [87] The parameter is incorrect
VirtualProtect() failed [87] The parameter is incorrect
VirtualProtect() failed [87] The parameter is incorrect
VirtualProtect() failed [87] The parameter is incorrect
VirtualProtect() failed [87] The parameter is incorrect
VirtualProtect() failed [87] The parameter is incorrect
VirtualProtect() failed [87] The parameter is incorrect
VirtualProtect() failed [87] The parameter is incorrect
VirtualProtect() failed [87] The parameter is incorrect
VirtualProtect() failed [87] The parameter is incorrect
VirtualProtect() failed [87] The parameter is incorrect
VirtualProtect() failed [87] The parameter is incorrect
VirtualProtect() failed [87] The parameter is incorrect
VirtualProtect() failed [87] The parameter is incorrect
VirtualProtect() failed [87] The parameter is incorrect
VirtualProtect() failed [87] The parameter is incorrect
VirtualProtect() failed [87] The parameter is incorrect
VirtualProtect() failed [87] The parameter is incorrect
VirtualProtect() failed [87] The parameter is incorrect
VirtualProtect() failed [87] The parameter is incorrect
VirtualProtect() failed [87] The parameter is incorrect
VirtualProtect() failed [87] The parameter is incorrect
VirtualProtect() failed [87] The parameter is incorrect
VirtualProtect() failed [87] The parameter is incorrect
VirtualProtect() failed [87] The parameter is incorrect
VirtualProtect() failed [87] The parameter is incorrect
VirtualProtect() failed [87] The parameter is incorrect
VirtualProtect() failed [87] The parameter is incorrect
VirtualProtect() failed [87] The parameter is incorrect
VirtualProtect() failed [87] The parameter is incorrect
VirtualProtect() failed [87] The parameter is incorrect
VirtualProtect() failed [87] The parameter is incorrect
VirtualProtect() failed [87] The parameter is incorrect
VirtualProtect() failed [87] The parameter is incorrect
VirtualProtect() failed [87] The parameter is incorrect
VirtualProtect() failed [87] The parameter is incorrect
VirtualProtect() failed [87] The parameter is incorrect
VirtualProtect() failed [87] The parameter is incorrect
VirtualProtect() failed [87] The parameter is incorrect
VirtualProtect() failed [87] The parameter is incorrect
VirtualProtect() failed [87] The parameter is incorrect
VirtualProtect() failed [87] The parameter is incorrect
VirtualProtect() failed [87] The parameter is incorrect
VirtualProtect() failed [87] The parameter is incorrect
VirtualProtect() failed [87] The parameter is incorrect
VirtualProtect() failed [87] The parameter is incorrect
VirtualProtect() failed [87] The parameter is incorrect
VirtualProtect() failed [87] The parameter is incorrect
VirtualProtect() failed [87] The parameter is incorrect
VirtualProtect() failed [87] The parameter is incorrect
VirtualProtect() failed [87] The parameter is incorrect
VirtualProtect() failed [87] The parameter is incorrect
VirtualProtect() failed [87] The parameter is incorrect
VirtualProtect() failed [87] The parameter is incorrect
VirtualProtect() failed [87] The parameter is incorrect
VirtualProtect() failed [87] The parameter is incorrect
VirtualProtect() failed [87] The parameter is incorrect
VirtualProtect() failed [87] The parameter is incorrect
VirtualProtect() failed [87] The parameter is incorrect
VirtualProtect() failed [87] The parameter is incorrect
VirtualProtect() failed [87] The parameter is incorrect
VirtualProtect() failed [87] The parameter is incorrect
VirtualProtect() failed [87] The parameter is incorrect
VirtualProtect() failed [87] The parameter is incorrect
VirtualProtect() failed [87] The parameter is incorrect
VirtualProtect() failed [87] The parameter is incorrect
VirtualProtect() failed [87] The parameter is incorrect
VirtualProtect() failed [87] The parameter is incorrect
VirtualProtect() failed [87] The parameter is incorrect
VirtualProtect() failed [87] The parameter is incorrect
VirtualProtect() failed [87] The parameter is incorrect
VirtualProtect() failed [87] The parameter is incorrect
VirtualProtect() failed [87] The parameter is incorrect
VirtualProtect() failed [87] The parameter is incorrect
VirtualProtect() failed [87] The parameter is incorrect
VirtualProtect() failed [87] The parameter is incorrect
VirtualProtect() failed [87] The parameter is incorrect
VirtualProtect() failed [87] The parameter is incorrect
VirtualProtect() failed [87] The parameter is incorrect
VirtualProtect() failed [87] The parameter is incorrect
VirtualProtect() failed [87] The parameter is incorrect
VirtualProtect() failed [87] The parameter is incorrect
VirtualProtect() failed [87] The parameter is incorrect
VirtualProtect() failed [87] The parameter is incorrect
VirtualProtect() failed [87] The parameter is incorrect
VirtualProtect() failed [87] The parameter is incorrect
VirtualProtect() failed [87] The parameter is incorrect
VirtualProtect() failed [87] The parameter is incorrect
VirtualProtect() failed [87] The parameter is incorrect
[Fri Dec 08 23:36:57.226036 2023] [authz_core:error] [pid 32116:tid 960] [client 127.0.0.1:65217] AH01630: client denied by server configuration: C:/Users/Certa/Desktop/calculator_plugin_for_dokuwiki/dokuwiki/data/dont-panic-if-you-see-this-in-your-logs-it-means-your-directory-permissions-are-correct.png, referer: http://localhost:8800/install.php
VirtualProtect() failed [87] The parameter is incorrect
VirtualProtect() failed [87] The parameter is incorrect
VirtualProtect() failed [87] The parameter is incorrect
VirtualProtect() failed [87] The parameter is incorrect
VirtualProtect() failed [87] The parameter is incorrect
VirtualProtect() failed [87] The parameter is incorrect
VirtualProtect() failed [87] The parameter is incorrect
VirtualProtect() failed [87] The parameter is incorrect
VirtualProtect() failed [87] The parameter is incorrect
VirtualProtect() failed [87] The parameter is incorrect
VirtualProtect() failed [87] The parameter is incorrect
VirtualProtect() failed [87] The parameter is incorrect
VirtualProtect() failed [87] The parameter is incorrect
VirtualProtect() failed [87] The parameter is incorrect
VirtualProtect() failed [87] The parameter is incorrect
VirtualProtect() failed [87] The parameter is incorrect
[Sat Dec 09 01:11:40.703493 2023] [mpm_winnt:notice] [pid 27136:tid 348] AH00422: Parent: Received shutdown signal -- Shutting down the server.
[Sat Dec 09 01:11:42.720160 2023] [mpm_winnt:notice] [pid 32116:tid 336] AH00364: Child: All worker threads have exited.
[Sat Dec 09 01:11:42.784806 2023] [mpm_winnt:notice] [pid 27136:tid 348] AH00430: Parent: Child process 32116 exited successfully.
[Sun Dec 31 14:12:47.867595 2023] [mpm_winnt:notice] [pid 51044:tid 352] AH00455: Apache/2.4.57 (Win64) PHP/8.2.10 configured -- resuming normal operations
[Sun Dec 31 14:12:47.867595 2023] [mpm_winnt:notice] [pid 51044:tid 352] AH00456: Apache Lounge VS17 Server built: Aug  2 2023 17:28:16
[Sun Dec 31 14:12:47.867595 2023] [core:notice] [pid 51044:tid 352] AH00094: Command line: 'mapache.exe -d C:/Users/Certa/Desktop/calculator_plugin_for_dokuwiki/server'
[Sun Dec 31 14:12:47.877497 2023] [mpm_winnt:notice] [pid 51044:tid 352] AH00418: Parent: Created child process 35456
[Sun Dec 31 14:12:48.846011 2023] [mpm_winnt:notice] [pid 35456:tid 332] AH00354: Child: Starting 24 worker threads.
VirtualProtect() failed [87] The parameter is incorrect
VirtualProtect() failed [87] The parameter is incorrect
VirtualProtect() failed [87] The parameter is incorrect
VirtualProtect() failed [87] The parameter is incorrect
VirtualProtect() failed [87] The parameter is incorrect
VirtualProtect() failed [87] The parameter is incorrect
VirtualProtect() failed [87] The parameter is incorrect
VirtualProtect() failed [87] The parameter is incorrect
VirtualProtect() failed [87] The parameter is incorrect
VirtualProtect() failed [87] The parameter is incorrect
VirtualProtect() failed [87] The parameter is incorrect
VirtualProtect() failed [87] The parameter is incorrect
VirtualProtect() failed [87] The parameter is incorrect
VirtualProtect() failed [87] The parameter is incorrect
VirtualProtect() failed [87] The parameter is incorrect
VirtualProtect() failed [87] The parameter is incorrect
VirtualProtect() failed [87] The parameter is incorrect
VirtualProtect() failed [87] The parameter is incorrect
VirtualProtect() failed [87] The parameter is incorrect
VirtualProtect() failed [87] The parameter is incorrect
VirtualProtect() failed [87] The parameter is incorrect
VirtualProtect() failed [87] The parameter is incorrect
VirtualProtect() failed [87] The parameter is incorrect
VirtualProtect() failed [87] The parameter is incorrect
VirtualProtect() failed [87] The parameter is incorrect
VirtualProtect() failed [87] The parameter is incorrect
VirtualProtect() failed [87] The parameter is incorrect
VirtualProtect() failed [87] The parameter is incorrect
VirtualProtect() failed [87] The parameter is incorrect
VirtualProtect() failed [87] The parameter is incorrect
VirtualProtect() failed [87] The parameter is incorrect
VirtualProtect() failed [87] The parameter is incorrect
VirtualProtect() failed [87] The parameter is incorrect
VirtualProtect() failed [87] The parameter is incorrect
VirtualProtect() failed [87] The parameter is incorrect
VirtualProtect() failed [87] The parameter is incorrect
VirtualProtect() failed [87] The parameter is incorrect
VirtualProtect() failed [87] The parameter is incorrect
VirtualProtect() failed [87] The parameter is incorrect
VirtualProtect() failed [87] The parameter is incorrect
VirtualProtect() failed [87] The parameter is incorrect
VirtualProtect() failed [87] The parameter is incorrect
VirtualProtect() failed [87] The parameter is incorrect
VirtualProtect() failed [87] The parameter is incorrect
VirtualProtect() failed [87] The parameter is incorrect
VirtualProtect() failed [87] The parameter is incorrect
VirtualProtect() failed [87] The parameter is incorrect
VirtualProtect() failed [87] The parameter is incorrect
VirtualProtect() failed [87] The parameter is incorrect
VirtualProtect() failed [87] The parameter is incorrect
VirtualProtect() failed [87] The parameter is incorrect
VirtualProtect() failed [87] The parameter is incorrect
VirtualProtect() failed [87] The parameter is incorrect
VirtualProtect() failed [87] The parameter is incorrect
VirtualProtect() failed [87] The parameter is incorrect
VirtualProtect() failed [87] The parameter is incorrect
VirtualProtect() failed [87] The parameter is incorrect
VirtualProtect() failed [87] The parameter is incorrect
VirtualProtect() failed [87] The parameter is incorrect
VirtualProtect() failed [87] The parameter is incorrect
VirtualProtect() failed [87] The parameter is incorrect
VirtualProtect() failed [87] The parameter is incorrect
VirtualProtect() failed [87] The parameter is incorrect
VirtualProtect() failed [87] The parameter is incorrect
VirtualProtect() failed [87] The parameter is incorrect
VirtualProtect() failed [87] The parameter is incorrect
VirtualProtect() failed [87] The parameter is incorrect
VirtualProtect() failed [87] The parameter is incorrect
VirtualProtect() failed [87] The parameter is incorrect
VirtualProtect() failed [87] The parameter is incorrect
VirtualProtect() failed [87] The parameter is incorrect
VirtualProtect() failed [87] The parameter is incorrect
VirtualProtect() failed [87] The parameter is incorrect
VirtualProtect() failed [87] The parameter is incorrect
VirtualProtect() failed [87] The parameter is incorrect
VirtualProtect() failed [87] The parameter is incorrect
VirtualProtect() failed [87] The parameter is incorrect
VirtualProtect() failed [87] The parameter is incorrect
VirtualProtect() failed [87] The parameter is incorrect
VirtualProtect() failed [87] The parameter is incorrect
VirtualProtect() failed [87] The parameter is incorrect
VirtualProtect() failed [87] The parameter is incorrect
VirtualProtect() failed [87] The parameter is incorrect
VirtualProtect() failed [87] The parameter is incorrect
VirtualProtect() failed [87] The parameter is incorrect
VirtualProtect() failed [87] The parameter is incorrect
VirtualProtect() failed [87] The parameter is incorrect
VirtualProtect() failed [87] The parameter is incorrect
VirtualProtect() failed [87] The parameter is incorrect
VirtualProtect() failed [87] The parameter is incorrect
VirtualProtect() failed [87] The parameter is incorrect
VirtualProtect() failed [87] The parameter is incorrect
VirtualProtect() failed [87] The parameter is incorrect
VirtualProtect() failed [87] The parameter is incorrect
VirtualProtect() failed [87] The parameter is incorrect
VirtualProtect() failed [87] The parameter is incorrect
VirtualProtect() failed [87] The parameter is incorrect
VirtualProtect() failed [87] The parameter is incorrect
VirtualProtect() failed [87] The parameter is incorrect
VirtualProtect() failed [87] The parameter is incorrect
VirtualProtect() failed [87] The parameter is incorrect
VirtualProtect() failed [87] The parameter is incorrect
VirtualProtect() failed [87] The parameter is incorrect
VirtualProtect() failed [87] The parameter is incorrect
VirtualProtect() failed [87] The parameter is incorrect
VirtualProtect() failed [87] The parameter is incorrect
VirtualProtect() failed [87] The parameter is incorrect
VirtualProtect() failed [87] The parameter is incorrect
VirtualProtect() failed [87] The parameter is incorrect
VirtualProtect() failed [87] The parameter is incorrect
VirtualProtect() failed [87] The parameter is incorrect
VirtualProtect() failed [87] The parameter is incorrect
VirtualProtect() failed [87] The parameter is incorrect
VirtualProtect() failed [87] The parameter is incorrect
VirtualProtect() failed [87] The parameter is incorrect
VirtualProtect() failed [87] The parameter is incorrect
VirtualProtect() failed [87] The parameter is incorrect
VirtualProtect() failed [87] The parameter is incorrect
VirtualProtect() failed [87] The parameter is incorrect
VirtualProtect() failed [87] The parameter is incorrect
VirtualProtect() failed [87] The parameter is incorrect
VirtualProtect() failed [87] The parameter is incorrect
VirtualProtect() failed [87] The parameter is incorrect
VirtualProtect() failed [87] The parameter is incorrect
VirtualProtect() failed [87] The parameter is incorrect
VirtualProtect() failed [87] The parameter is incorrect
VirtualProtect() failed [87] The parameter is incorrect
VirtualProtect() failed [87] The parameter is incorrect
VirtualProtect() failed [87] The parameter is incorrect
VirtualProtect() failed [87] The parameter is incorrect
VirtualProtect() failed [87] The parameter is incorrect
VirtualProtect() failed [87] The parameter is incorrect
VirtualProtect() failed [87] The parameter is incorrect
VirtualProtect() failed [87] The parameter is incorrect
VirtualProtect() failed [87] The parameter is incorrect
VirtualProtect() failed [87] The parameter is incorrect
VirtualProtect() failed [87] The parameter is incorrect
VirtualProtect() failed [87] The parameter is incorrect
VirtualProtect() failed [87] The parameter is incorrect
VirtualProtect() failed [87] The parameter is incorrect
VirtualProtect() failed [87] The parameter is incorrect
VirtualProtect() failed [87] The parameter is incorrect
VirtualProtect() failed [87] The parameter is incorrect
VirtualProtect() failed [87] The parameter is incorrect
VirtualProtect() failed [87] The parameter is incorrect
VirtualProtect() failed [87] The parameter is incorrect
VirtualProtect() failed [87] The parameter is incorrect
VirtualProtect() failed [87] The parameter is incorrect
VirtualProtect() failed [87] The parameter is incorrect
VirtualProtect() failed [87] The parameter is incorrect
VirtualProtect() failed [87] The parameter is incorrect
VirtualProtect() failed [87] The parameter is incorrect
VirtualProtect() failed [87] The parameter is incorrect
VirtualProtect() failed [87] The parameter is incorrect
VirtualProtect() failed [87] The parameter is incorrect
VirtualProtect() failed [87] The parameter is incorrect
VirtualProtect() failed [87] The parameter is incorrect
VirtualProtect() failed [87] The parameter is incorrect
VirtualProtect() failed [87] The parameter is incorrect
VirtualProtect() failed [87] The parameter is incorrect
VirtualProtect() failed [87] The parameter is incorrect
VirtualProtect() failed [87] The parameter is incorrect
VirtualProtect() failed [87] The parameter is incorrect
VirtualProtect() failed [87] The parameter is incorrect
VirtualProtect() failed [87] The parameter is incorrect
VirtualProtect() failed [87] The parameter is incorrect
VirtualProtect() failed [87] The parameter is incorrect
VirtualProtect() failed [87] The parameter is incorrect
VirtualProtect() failed [87] The parameter is incorrect
VirtualProtect() failed [87] The parameter is incorrect
VirtualProtect() failed [87] The parameter is incorrect
VirtualProtect() failed [87] The parameter is incorrect
VirtualProtect() failed [87] The parameter is incorrect
VirtualProtect() failed [87] The parameter is incorrect
VirtualProtect() failed [87] The parameter is incorrect
VirtualProtect() failed [87] The parameter is incorrect
VirtualProtect() failed [87] The parameter is incorrect
VirtualProtect() failed [87] The parameter is incorrect
VirtualProtect() failed [87] The parameter is incorrect
VirtualProtect() failed [87] The parameter is incorrect
VirtualProtect() failed [87] The parameter is incorrect
VirtualProtect() failed [87] The parameter is incorrect
VirtualProtect() failed [87] The parameter is incorrect
VirtualProtect() failed [87] The parameter is incorrect
VirtualProtect() failed [87] The parameter is incorrect
VirtualProtect() failed [87] The parameter is incorrect
VirtualProtect() failed [87] The parameter is incorrect
VirtualProtect() failed [87] The parameter is incorrect
VirtualProtect() failed [87] The parameter is incorrect
VirtualProtect() failed [87] The parameter is incorrect
VirtualProtect() failed [87] The parameter is incorrect
VirtualProtect() failed [87] The parameter is incorrect
VirtualProtect() failed [87] The parameter is incorrect
VirtualProtect() failed [87] The parameter is incorrect
VirtualProtect() failed [87] The parameter is incorrect
VirtualProtect() failed [87] The parameter is incorrect
VirtualProtect() failed [87] The parameter is incorrect
VirtualProtect() failed [87] The parameter is incorrect
VirtualProtect() failed [87] The parameter is incorrect
VirtualProtect() failed [87] The parameter is incorrect
[Sun Dec 31 14:12:55.958641 2023] [authz_core:error] [pid 35456:tid 884] [client ::1:52395] AH01630: client denied by server configuration: C:/Users/Certa/Desktop/calculator_plugin_for_dokuwiki/dokuwiki/data/dont-panic-if-you-see-this-in-your-logs-it-means-your-directory-permissions-are-correct.png, referer: http://localhost:8800/install.php
VirtualProtect() failed [87] The parameter is incorrect
VirtualProtect() failed [87] The parameter is incorrect
VirtualProtect() failed [87] The parameter is incorrect
VirtualProtect() failed [87] The parameter is incorrect
VirtualProtect() failed [87] The parameter is incorrect
VirtualProtect() failed [87] The parameter is incorrect
VirtualProtect() failed [87] The parameter is incorrect
VirtualProtect() failed [87] The parameter is incorrect
VirtualProtect() failed [87] The parameter is incorrect
VirtualProtect() failed [87] The parameter is incorrect
VirtualProtect() failed [87] The parameter is incorrect
VirtualProtect() failed [87] The parameter is incorrect
VirtualProtect() failed [87] The parameter is incorrect
VirtualProtect() failed [87] The parameter is incorrect
[Sun Dec 31 14:13:55.926427 2023] [authz_core:error] [pid 35456:tid 872] [client 127.0.0.1:52401] AH01630: client denied by server configuration: C:/Users/Certa/Desktop/calculator_plugin_for_dokuwiki/dokuwiki/data/dont-panic-if-you-see-this-in-your-logs-it-means-your-directory-permissions-are-correct.png, referer: http://localhost:8800/install.php
VirtualProtect() failed [87] The parameter is incorrect
VirtualProtect() failed [87] The parameter is incorrect
VirtualProtect() failed [87] The parameter is incorrect
VirtualProtect() failed [87] The parameter is incorrect
VirtualProtect() failed [87] The parameter is incorrect
VirtualProtect() failed [87] The parameter is incorrect
VirtualProtect() failed [87] The parameter is incorrect
VirtualProtect() failed [87] The parameter is incorrect
VirtualProtect() failed [87] The parameter is incorrect
VirtualProtect() failed [87] The parameter is incorrect
VirtualProtect() failed [87] The parameter is incorrect
VirtualProtect() failed [87] The parameter is incorrect
VirtualProtect() failed [87] The parameter is incorrect
VirtualProtect() failed [87] The parameter is incorrect
VirtualProtect() failed [87] The parameter is incorrect
VirtualProtect() failed [87] The parameter is incorrect
VirtualProtect() failed [87] The parameter is incorrect
VirtualProtect() failed [87] The parameter is incorrect
VirtualProtect() failed [87] The parameter is incorrect
VirtualProtect() failed [87] The parameter is incorrect
VirtualProtect() failed [87] The parameter is incorrect
VirtualProtect() failed [87] The parameter is incorrect
VirtualProtect() failed [87] The parameter is incorrect
VirtualProtect() failed [87] The parameter is incorrect
VirtualProtect() failed [87] The parameter is incorrect
VirtualProtect() failed [87] The parameter is incorrect
VirtualProtect() failed [87] The parameter is incorrect
VirtualProtect() failed [87] The parameter is incorrect
VirtualProtect() failed [87] The parameter is incorrect
VirtualProtect() failed [87] The parameter is incorrect
VirtualProtect() failed [87] The parameter is incorrect
VirtualProtect() failed [87] The parameter is incorrect
VirtualProtect() failed [87] The parameter is incorrect
VirtualProtect() failed [87] The parameter is incorrect
VirtualProtect() failed [87] The parameter is incorrect
VirtualProtect() failed [87] The parameter is incorrect
VirtualProtect() failed [87] The parameter is incorrect
VirtualProtect() failed [87] The parameter is incorrect
VirtualProtect() failed [87] The parameter is incorrect
VirtualProtect() failed [87] The parameter is incorrect
VirtualProtect() failed [87] The parameter is incorrect
VirtualProtect() failed [87] The parameter is incorrect
VirtualProtect() failed [87] The parameter is incorrect
VirtualProtect() failed [87] The parameter is incorrect
VirtualProtect() failed [87] The parameter is incorrect
VirtualProtect() failed [87] The parameter is incorrect
VirtualProtect() failed [87] The parameter is incorrect
VirtualProtect() failed [87] The parameter is incorrect
VirtualProtect() failed [87] The parameter is incorrect
VirtualProtect() failed [87] The parameter is incorrect
VirtualProtect() failed [87] The parameter is incorrect
VirtualProtect() failed [87] The parameter is incorrect
VirtualProtect() failed [87] The parameter is incorrect
VirtualProtect() failed [87] The parameter is incorrect
VirtualProtect() failed [87] The parameter is incorrect
VirtualProtect() failed [87] The parameter is incorrect
VirtualProtect() failed [87] The parameter is incorrect
VirtualProtect() failed [87] The parameter is incorrect
VirtualProtect() failed [87] The parameter is incorrect
VirtualProtect() failed [87] The parameter is incorrect
VirtualProtect() failed [87] The parameter is incorrect
VirtualProtect() failed [87] The parameter is incorrect
VirtualProtect() failed [87] The parameter is incorrect
VirtualProtect() failed [87] The parameter is incorrect
VirtualProtect() failed [87] The parameter is incorrect
VirtualProtect() failed [87] The parameter is incorrect
VirtualProtect() failed [87] The parameter is incorrect
VirtualProtect() failed [87] The parameter is incorrect
VirtualProtect() failed [87] The parameter is incorrect
VirtualProtect() failed [87] The parameter is incorrect
VirtualProtect() failed [87] The parameter is incorrect
VirtualProtect() failed [87] The parameter is incorrect
VirtualProtect() failed [87] The parameter is incorrect
VirtualProtect() failed [87] The parameter is incorrect
VirtualProtect() failed [87] The parameter is incorrect
VirtualProtect() failed [87] The parameter is incorrect
VirtualProtect() failed [87] The parameter is incorrect
VirtualProtect() failed [87] The parameter is incorrect
VirtualProtect() failed [87] The parameter is incorrect
VirtualProtect() failed [87] The parameter is incorrect
VirtualProtect() failed [87] The parameter is incorrect
VirtualProtect() failed [87] The parameter is incorrect
VirtualProtect() failed [87] The parameter is incorrect
VirtualProtect() failed [87] The parameter is incorrect
VirtualProtect() failed [87] The parameter is incorrect
VirtualProtect() failed [87] The parameter is incorrect
VirtualProtect() failed [87] The parameter is incorrect
VirtualProtect() failed [87] The parameter is incorrect
VirtualProtect() failed [87] The parameter is incorrect
VirtualProtect() failed [87] The parameter is incorrect
VirtualProtect() failed [87] The parameter is incorrect
VirtualProtect() failed [87] The parameter is incorrect
VirtualProtect() failed [87] The parameter is incorrect
VirtualProtect() failed [87] The parameter is incorrect
VirtualProtect() failed [87] The parameter is incorrect
VirtualProtect() failed [87] The parameter is incorrect
VirtualProtect() failed [87] The parameter is incorrect
VirtualProtect() failed [87] The parameter is incorrect
VirtualProtect() failed [87] The parameter is incorrect
VirtualProtect() failed [87] The parameter is incorrect
VirtualProtect() failed [87] The parameter is incorrect
VirtualProtect() failed [87] The parameter is incorrect
VirtualProtect() failed [87] The parameter is incorrect
VirtualProtect() failed [87] The parameter is incorrect
VirtualProtect() failed [87] The parameter is incorrect
VirtualProtect() failed [87] The parameter is incorrect
VirtualProtect() failed [87] The parameter is incorrect
VirtualProtect() failed [87] The parameter is incorrect
VirtualProtect() failed [87] The parameter is incorrect
VirtualProtect() failed [87] The parameter is incorrect
VirtualProtect() failed [87] The parameter is incorrect
VirtualProtect() failed [87] The parameter is incorrect
VirtualProtect() failed [87] The parameter is incorrect
VirtualProtect() failed [87] The parameter is incorrect
VirtualProtect() failed [87] The parameter is incorrect
VirtualProtect() failed [87] The parameter is incorrect
VirtualProtect() failed [87] The parameter is incorrect
VirtualProtect() failed [87] The parameter is incorrect
VirtualProtect() failed [87] The parameter is incorrect
VirtualProtect() failed [87] The parameter is incorrect
VirtualProtect() failed [87] The parameter is incorrect
VirtualProtect() failed [87] The parameter is incorrect
VirtualProtect() failed [87] The parameter is incorrect
VirtualProtect() failed [87] The parameter is incorrect
VirtualProtect() failed [87] The parameter is incorrect
VirtualProtect() failed [87] The parameter is incorrect
VirtualProtect() failed [87] The parameter is incorrect
VirtualProtect() failed [87] The parameter is incorrect
VirtualProtect() failed [87] The parameter is incorrect
VirtualProtect() failed [87] The parameter is incorrect
VirtualProtect() failed [87] The parameter is incorrect
VirtualProtect() failed [87] The parameter is incorrect
VirtualProtect() failed [87] The parameter is incorrect
VirtualProtect() failed [87] The parameter is incorrect
VirtualProtect() failed [87] The parameter is incorrect
VirtualProtect() failed [87] The parameter is incorrect
VirtualProtect() failed [87] The parameter is incorrect
VirtualProtect() failed [87] The parameter is incorrect
VirtualProtect() failed [87] The parameter is incorrect
VirtualProtect() failed [87] The parameter is incorrect
VirtualProtect() failed [87] The parameter is incorrect
VirtualProtect() failed [87] The parameter is incorrect
VirtualProtect() failed [87] The parameter is incorrect
VirtualProtect() failed [87] The parameter is incorrect
VirtualProtect() failed [87] The parameter is incorrect
VirtualProtect() failed [87] The parameter is incorrect
VirtualProtect() failed [87] The parameter is incorrect
VirtualProtect() failed [87] The parameter is incorrect
VirtualProtect() failed [87] The parameter is incorrect
VirtualProtect() failed [87] The parameter is incorrect
VirtualProtect() failed [87] The parameter is incorrect
VirtualProtect() failed [87] The parameter is incorrect
VirtualProtect() failed [87] The parameter is incorrect
VirtualProtect() failed [87] The parameter is incorrect
VirtualProtect() failed [87] The parameter is incorrect
VirtualProtect() failed [87] The parameter is incorrect
VirtualProtect() failed [87] The parameter is incorrect
VirtualProtect() failed [87] The parameter is incorrect
VirtualProtect() failed [87] The parameter is incorrect
VirtualProtect() failed [87] The parameter is incorrect
VirtualProtect() failed [87] The parameter is incorrect
VirtualProtect() failed [87] The parameter is incorrect
VirtualProtect() failed [87] The parameter is incorrect
VirtualProtect() failed [87] The parameter is incorrect
VirtualProtect() failed [87] The parameter is incorrect
VirtualProtect() failed [87] The parameter is incorrect
VirtualProtect() failed [87] The parameter is incorrect
VirtualProtect() failed [87] The parameter is incorrect
VirtualProtect() failed [87] The parameter is incorrect
VirtualProtect() failed [87] The parameter is incorrect
VirtualProtect() failed [87] The parameter is incorrect
VirtualProtect() failed [87] The parameter is incorrect
VirtualProtect() failed [87] The parameter is incorrect
VirtualProtect() failed [87] The parameter is incorrect
VirtualProtect() failed [87] The parameter is incorrect
VirtualProtect() failed [87] The parameter is incorrect
VirtualProtect() failed [87] The parameter is incorrect
VirtualProtect() failed [87] The parameter is incorrect
VirtualProtect() failed [87] The parameter is incorrect
VirtualProtect() failed [87] The parameter is incorrect
VirtualProtect() failed [87] The parameter is incorrect
VirtualProtect() failed [87] The parameter is incorrect
VirtualProtect() failed [87] The parameter is incorrect
VirtualProtect() failed [87] The parameter is incorrect
VirtualProtect() failed [87] The parameter is incorrect
VirtualProtect() failed [87] The parameter is incorrect
VirtualProtect() failed [87] The parameter is incorrect
VirtualProtect() failed [87] The parameter is incorrect
VirtualProtect() failed [87] The parameter is incorrect
VirtualProtect() failed [87] The parameter is incorrect
VirtualProtect() failed [87] The parameter is incorrect
VirtualProtect() failed [87] The parameter is incorrect
VirtualProtect() failed [87] The parameter is incorrect
VirtualProtect() failed [87] The parameter is incorrect
VirtualProtect() failed [87] The parameter is incorrect
VirtualProtect() failed [87] The parameter is incorrect
VirtualProtect() failed [87] The parameter is incorrect
VirtualProtect() failed [87] The parameter is incorrect
VirtualProtect() failed [87] The parameter is incorrect
VirtualProtect() failed [87] The parameter is incorrect
VirtualProtect() failed [87] The parameter is incorrect
VirtualProtect() failed [87] The parameter is incorrect
VirtualProtect() failed [87] The parameter is incorrect
VirtualProtect() failed [87] The parameter is incorrect
VirtualProtect() failed [87] The parameter is incorrect
VirtualProtect() failed [87] The parameter is incorrect
VirtualProtect() failed [87] The parameter is incorrect
VirtualProtect() failed [87] The parameter is incorrect
VirtualProtect() failed [87] The parameter is incorrect
VirtualProtect() failed [87] The parameter is incorrect
VirtualProtect() failed [87] The parameter is incorrect
VirtualProtect() failed [87] The parameter is incorrect
VirtualProtect() failed [87] The parameter is incorrect
VirtualProtect() failed [87] The parameter is incorrect
VirtualProtect() failed [87] The parameter is incorrect
VirtualProtect() failed [87] The parameter is incorrect
VirtualProtect() failed [87] The parameter is incorrect
VirtualProtect() failed [87] The parameter is incorrect
VirtualProtect() failed [87] The parameter is incorrect
VirtualProtect() failed [87] The parameter is incorrect
VirtualProtect() failed [87] The parameter is incorrect
VirtualProtect() failed [87] The parameter is incorrect
VirtualProtect() failed [87] The parameter is incorrect
VirtualProtect() failed [87] The parameter is incorrect
VirtualProtect() failed [87] The parameter is incorrect
VirtualProtect() failed [87] The parameter is incorrect
VirtualProtect() failed [87] The parameter is incorrect
VirtualProtect() failed [87] The parameter is incorrect
VirtualProtect() failed [87] The parameter is incorrect
VirtualProtect() failed [87] The parameter is incorrect
VirtualProtect() failed [87] The parameter is incorrect
VirtualProtect() failed [87] The parameter is incorrect
VirtualProtect() failed [87] The parameter is incorrect
VirtualProtect() failed [87] The parameter is incorrect
VirtualProtect() failed [87] The parameter is incorrect
VirtualProtect() failed [87] The parameter is incorrect
VirtualProtect() failed [87] The parameter is incorrect
VirtualProtect() failed [87] The parameter is incorrect
VirtualProtect() failed [87] The parameter is incorrect
VirtualProtect() failed [87] The parameter is incorrect
VirtualProtect() failed [87] The parameter is incorrect
VirtualProtect() failed [87] The parameter is incorrect
[Sun Dec 31 14:36:43.783665 2023] [core:warn] [pid 42272:tid 360] AH00098: pid file C:/Users/Certa/Desktop/dokuwiki_calendar_plugin/server/logs/httpd.pid overwritten -- Unclean shutdown of previous Apache run?
[Sun Dec 31 14:36:44.222989 2023] [mpm_winnt:notice] [pid 42272:tid 360] AH00455: Apache/2.4.57 (Win64) PHP/8.2.10 configured -- resuming normal operations
[Sun Dec 31 14:36:44.222989 2023] [mpm_winnt:notice] [pid 42272:tid 360] AH00456: Apache Lounge VS17 Server built: Aug  2 2023 17:28:16
[Sun Dec 31 14:36:44.222989 2023] [core:notice] [pid 42272:tid 360] AH00094: Command line: 'mapache.exe -d C:/Users/Certa/Desktop/dokuwiki_calendar_plugin/server'
[Sun Dec 31 14:36:44.228365 2023] [mpm_winnt:notice] [pid 42272:tid 360] AH00418: Parent: Created child process 50588
Apache server shutdown initiated...
pm_winnt:notice] [pid 50588:tid 344] AH00354: Child: Starting 24 worker threads.
VirtualProtect() failed [87] The parameter is incorrect
VirtualProtect() failed [87] The parameter is incorrect
VirtualProtect() failed [87] The parameter is incorrect
VirtualProtect() failed [87] The parameter is incorrect
VirtualProtect() failed [87] The parameter is incorrect
VirtualProtect() failed [87] The parameter is incorrect
VirtualProtect() failed [87] The parameter is incorrect
VirtualProtect() failed [87] The parameter is incorrect
VirtualProtect() failed [87] The parameter is incorrect
VirtualProtect() failed [87] The parameter is incorrect
VirtualProtect() failed [87] The parameter is incorrect
VirtualProtect() failed [87] The parameter is incorrect
VirtualProtect() failed [87] The parameter is incorrect
VirtualProtect() failed [87] The parameter is incorrect
VirtualProtect() failed [87] The parameter is incorrect
VirtualProtect() failed [87] The parameter is incorrect
VirtualProtect() failed [87] The parameter is incorrect
VirtualProtect() failed [87] The parameter is incorrect
VirtualProtect() failed [87] The parameter is incorrect
VirtualProtect() failed [87] The parameter is incorrect
VirtualProtect() failed [87] The parameter is incorrect
VirtualProtect() failed [87] The parameter is incorrect
VirtualProtect() failed [87] The parameter is incorrect
VirtualProtect() failed [87] The parameter is incorrect
VirtualProtect() failed [87] The parameter is incorrect
VirtualProtect() failed [87] The parameter is incorrect
VirtualProtect() failed [87] The parameter is incorrect
VirtualProtect() failed [87] The parameter is incorrect
VirtualProtect() failed [87] The parameter is incorrect
VirtualProtect() failed [87] The parameter is incorrect
VirtualProtect() failed [87] The parameter is incorrect
VirtualProtect() failed [87] The parameter is incorrect
VirtualProtect() failed [87] The parameter is incorrect
VirtualProtect() failed [87] The parameter is incorrect
VirtualProtect() failed [87] The parameter is incorrect
VirtualProtect() failed [87] The parameter is incorrect
VirtualProtect() failed [87] The parameter is incorrect
VirtualProtect() failed [87] The parameter is incorrect
VirtualProtect() failed [87] The parameter is incorrect
VirtualProtect() failed [87] The parameter is incorrect
VirtualProtect() failed [87] The parameter is incorrect
VirtualProtect() failed [87] The parameter is incorrect
VirtualProtect() failed [87] The parameter is incorrect
VirtualProtect() failed [87] The parameter is incorrect
VirtualProtect() failed [87] The parameter is incorrect
VirtualProtect() failed [87] The parameter is incorrect
VirtualProtect() failed [87] The parameter is incorrect
VirtualProtect() failed [87] The parameter is incorrect
VirtualProtect() failed [87] The parameter is incorrect
VirtualProtect() failed [87] The parameter is incorrect
VirtualProtect() failed [87] The parameter is incorrect
VirtualProtect() failed [87] The parameter is incorrect
VirtualProtect() failed [87] The parameter is incorrect
VirtualProtect() failed [87] The parameter is incorrect
VirtualProtect() failed [87] The parameter is incorrect
VirtualProtect() failed [87] The parameter is incorrect
VirtualProtect() failed [87] The parameter is incorrect
VirtualProtect() failed [87] The parameter is incorrect
VirtualProtect() failed [87] The parameter is incorrect
VirtualProtect() failed [87] The parameter is incorrect
VirtualProtect() failed [87] The parameter is incorrect
VirtualProtect() failed [87] The parameter is incorrect
VirtualProtect() failed [87] The parameter is incorrect
VirtualProtect() failed [87] The parameter is incorrect
VirtualProtect() failed [87] The parameter is incorrect
VirtualProtect() failed [87] The parameter is incorrect
VirtualProtect() failed [87] The parameter is incorrect
VirtualProtect() failed [87] The parameter is incorrect
VirtualProtect() failed [87] The parameter is incorrect
VirtualProtect() failed [87] The parameter is incorrect
VirtualProtect() failed [87] The parameter is incorrect
VirtualProtect() failed [87] The parameter is incorrect
VirtualProtect() failed [87] The parameter is incorrect
VirtualProtect() failed [87] The parameter is incorrect
VirtualProtect() failed [87] The parameter is incorrect
VirtualProtect() failed [87] The parameter is incorrect
VirtualProtect() failed [87] The parameter is incorrect
VirtualProtect() failed [87] The parameter is incorrect
VirtualProtect() failed [87] The parameter is incorrect
VirtualProtect() failed [87] The parameter is incorrect
VirtualProtect() failed [87] The parameter is incorrect
VirtualProtect() failed [87] The parameter is incorrect
VirtualProtect() failed [87] The parameter is incorrect
VirtualProtect() failed [87] The parameter is incorrect
VirtualProtect() failed [87] The parameter is incorrect
VirtualProtect() failed [87] The parameter is incorrect
VirtualProtect() failed [87] The parameter is incorrect
VirtualProtect() failed [87] The parameter is incorrect
VirtualProtect() failed [87] The parameter is incorrect
VirtualProtect() failed [87] The parameter is incorrect
VirtualProtect() failed [87] The parameter is incorrect
VirtualProtect() failed [87] The parameter is incorrect
VirtualProtect() failed [87] The parameter is incorrect
VirtualProtect() failed [87] The parameter is incorrect
VirtualProtect() failed [87] The parameter is incorrect
VirtualProtect() failed [87] The parameter is incorrect
VirtualProtect() failed [87] The parameter is incorrect
VirtualProtect() failed [87] The parameter is incorrect
VirtualProtect() failed [87] The parameter is incorrect
VirtualProtect() failed [87] The parameter is incorrect
VirtualProtect() failed [87] The parameter is incorrect
VirtualProtect() failed [87] The parameter is incorrect
VirtualProtect() failed [87] The parameter is incorrect
VirtualProtect() failed [87] The parameter is incorrect
VirtualProtect() failed [87] The parameter is incorrect
VirtualProtect() failed [87] The parameter is incorrect
VirtualProtect() failed [87] The parameter is incorrect
VirtualProtect() failed [87] The parameter is incorrect
VirtualProtect() failed [87] The parameter is incorrect
VirtualProtect() failed [87] The parameter is incorrect
VirtualProtect() failed [87] The parameter is incorrect
VirtualProtect() failed [87] The parameter is incorrect
VirtualProtect() failed [87] The parameter is incorrect
VirtualProtect() failed [87] The parameter is incorrect
VirtualProtect() failed [87] The parameter is incorrect
VirtualProtect() failed [87] The parameter is incorrect
VirtualProtect() failed [87] The parameter is incorrect
VirtualProtect() failed [87] The parameter is incorrect
VirtualProtect() failed [87] The parameter is incorrect
VirtualProtect() failed [87] The parameter is incorrect
VirtualProtect() failed [87] The parameter is incorrect
VirtualProtect() failed [87] The parameter is incorrect
VirtualProtect() failed [87] The parameter is incorrect
VirtualProtect() failed [87] The parameter is incorrect
VirtualProtect() failed [87] The parameter is incorrect
VirtualProtect() failed [87] The parameter is incorrect
VirtualProtect() failed [87] The parameter is incorrect
VirtualProtect() failed [87] The parameter is incorrect
VirtualProtect() failed [87] The parameter is incorrect
VirtualProtect() failed [87] The parameter is incorrect
VirtualProtect() failed [87] The parameter is incorrect
VirtualProtect() failed [87] The parameter is incorrect
VirtualProtect() failed [87] The parameter is incorrect
VirtualProtect() failed [87] The parameter is incorrect
VirtualProtect() failed [87] The parameter is incorrect
VirtualProtect() failed [87] The parameter is incorrect
VirtualProtect() failed [87] The parameter is incorrect
VirtualProtect() failed [87] The parameter is incorrect
VirtualProtect() failed [87] The parameter is incorrect
VirtualProtect() failed [87] The parameter is incorrect
VirtualProtect() failed [87] The parameter is incorrect
VirtualProtect() failed [87] The parameter is incorrect
VirtualProtect() failed [87] The parameter is incorrect
VirtualProtect() failed [87] The parameter is incorrect
VirtualProtect() failed [87] The parameter is incorrect
VirtualProtect() failed [87] The parameter is incorrect
VirtualProtect() failed [87] The parameter is incorrect
VirtualProtect() failed [87] The parameter is incorrect
VirtualProtect() failed [87] The parameter is incorrect
VirtualProtect() failed [87] The parameter is incorrect
VirtualProtect() failed [87] The parameter is incorrect
VirtualProtect() failed [87] The parameter is incorrect
VirtualProtect() failed [87] The parameter is incorrect
VirtualProtect() failed [87] The parameter is incorrect
VirtualProtect() failed [87] The parameter is incorrect
VirtualProtect() failed [87] The parameter is incorrect
VirtualProtect() failed [87] The parameter is incorrect
VirtualProtect() failed [87] The parameter is incorrect
VirtualProtect() failed [87] The parameter is incorrect
VirtualProtect() failed [87] The parameter is incorrect
VirtualProtect() failed [87] The parameter is incorrect
VirtualProtect() failed [87] The parameter is incorrect
VirtualProtect() failed [87] The parameter is incorrect
VirtualProtect() failed [87] The parameter is incorrect
VirtualProtect() failed [87] The parameter is incorrect
VirtualProtect() failed [87] The parameter is incorrect
VirtualProtect() failed [87] The parameter is incorrect
VirtualProtect() failed [87] The parameter is incorrect
VirtualProtect() failed [87] The parameter is incorrect
VirtualProtect() failed [87] The parameter is incorrect
VirtualProtect() failed [87] The parameter is incorrect
VirtualProtect() failed [87] The parameter is incorrect
VirtualProtect() failed [87] The parameter is incorrect
VirtualProtect() failed [87] The parameter is incorrect
VirtualProtect() failed [87] The parameter is incorrect
VirtualProtect() failed [87] The parameter is incorrect
VirtualProtect() failed [87] The parameter is incorrect
VirtualProtect() failed [87] The parameter is incorrect
VirtualProtect() failed [87] The parameter is incorrect
VirtualProtect() failed [87] The parameter is incorrect
VirtualProtect() failed [87] The parameter is incorrect
VirtualProtect() failed [87] The parameter is incorrect
VirtualProtect() failed [87] The parameter is incorrect
VirtualProtect() failed [87] The parameter is incorrect
VirtualProtect() failed [87] The parameter is incorrect
VirtualProtect() failed [87] The parameter is incorrect
VirtualProtect() failed [87] The parameter is incorrect
VirtualProtect() failed [87] The parameter is incorrect
VirtualProtect() failed [87] The parameter is incorrect
VirtualProtect() failed [87] The parameter is incorrect
VirtualProtect() failed [87] The parameter is incorrect
VirtualProtect() failed [87] The parameter is incorrect
VirtualProtect() failed [87] The parameter is incorrect
VirtualProtect() failed [87] The parameter is incorrect
VirtualProtect() failed [87] The parameter is incorrect
VirtualProtect() failed [87] The parameter is incorrect
VirtualProtect() failed [87] The parameter is incorrect
VirtualProtect() failed [87] The parameter is incorrect
VirtualProtect() failed [87] The parameter is incorrect
VirtualProtect() failed [87] The parameter is incorrect
VirtualProtect() failed [87] The parameter is incorrect
VirtualProtect() failed [87] The parameter is incorrect
VirtualProtect() failed [87] The parameter is incorrect
VirtualProtect() failed [87] The parameter is incorrect
VirtualProtect() failed [87] The parameter is incorrect
VirtualProtect() failed [87] The parameter is incorrect
VirtualProtect() failed [87] The parameter is incorrect
VirtualProtect() failed [87] The parameter is incorrect
VirtualProtect() failed [87] The parameter is incorrect
VirtualProtect() failed [87] The parameter is incorrect
VirtualProtect() failed [87] The parameter is incorrect
VirtualProtect() failed [87] The parameter is incorrect
VirtualProtect() failed [87] The parameter is incorrect
VirtualProtect() failed [87] The parameter is incorrect
VirtualProtect() failed [87] The parameter is incorrect
VirtualProtect() failed [87] The parameter is incorrect
VirtualProtect() failed [87] The parameter is incorrect
VirtualProtect() failed [87] The parameter is incorrect
VirtualProtect() failed [87] The parameter is incorrect
VirtualProtect() failed [87] The parameter is incorrect
VirtualProtect() failed [87] The parameter is incorrect
VirtualProtect() failed [87] The parameter is incorrect
VirtualProtect() failed [87] The parameter is incorrect
VirtualProtect() failed [87] The parameter is incorrect
VirtualProtect() failed [87] The parameter is incorrect
VirtualProtect() failed [87] The parameter is incorrect
VirtualProtect() failed [87] The parameter is incorrect
VirtualProtect() failed [87] The parameter is incorrect
VirtualProtect() failed [87] The parameter is incorrect
VirtualProtect() failed [87] The parameter is incorrect
VirtualProtect() failed [87] The parameter is incorrect
VirtualProtect() failed [87] The parameter is incorrect
VirtualProtect() failed [87] The parameter is incorrect
VirtualProtect() failed [87] The parameter is incorrect
VirtualProtect() failed [87] The parameter is incorrect
VirtualProtect() failed [87] The parameter is incorrect
VirtualProtect() failed [87] The parameter is incorrect
VirtualProtect() failed [87] The parameter is incorrect
VirtualProtect() failed [87] The parameter is incorrect
VirtualProtect() failed [87] The parameter is incorrect
VirtualProtect() failed [87] The parameter is incorrect
VirtualProtect() failed [87] The parameter is incorrect
VirtualProtect() failed [87] The parameter is incorrect
VirtualProtect() failed [87] The parameter is incorrect
VirtualProtect() failed [87] The parameter is incorrect
VirtualProtect() failed [87] The parameter is incorrect
VirtualProtect() failed [87] The parameter is incorrect
VirtualProtect() failed [87] The parameter is incorrect
VirtualProtect() failed [87] The parameter is incorrect
VirtualProtect() failed [87] The parameter is incorrect
VirtualProtect() failed [87] The parameter is incorrect
VirtualProtect() failed [87] The parameter is incorrect
VirtualProtect() failed [87] The parameter is incorrect
VirtualProtect() failed [87] The parameter is incorrect
VirtualProtect() failed [87] The parameter is incorrect
VirtualProtect() failed [87] The parameter is incorrect
VirtualProtect() failed [87] The parameter is incorrect
VirtualProtect() failed [87] The parameter is incorrect
VirtualProtect() failed [87] The parameter is incorrect
VirtualProtect() failed [87] The parameter is incorrect
VirtualProtect() failed [87] The parameter is incorrect
VirtualProtect() failed [87] The parameter is incorrect
VirtualProtect() failed [87] The parameter is incorrect
VirtualProtect() failed [87] The parameter is incorrect
VirtualProtect() failed [87] The parameter is incorrect
VirtualProtect() failed [87] The parameter is incorrect
VirtualProtect() failed [87] The parameter is incorrect
VirtualProtect() failed [87] The parameter is incorrect
VirtualProtect() failed [87] The parameter is incorrect
VirtualProtect() failed [87] The parameter is incorrect
VirtualProtect() failed [87] The parameter is incorrect
VirtualProtect() failed [87] The parameter is incorrect
VirtualProtect() failed [87] The parameter is incorrect
VirtualProtect() failed [87] The parameter is incorrect
VirtualProtect() failed [87] The parameter is incorrect
VirtualProtect() failed [87] The parameter is incorrect
VirtualProtect() failed [87] The parameter is incorrect
VirtualProtect() failed [87] The parameter is incorrect
VirtualProtect() failed [87] The parameter is incorrect
VirtualProtect() failed [87] The parameter is incorrect
VirtualProtect() failed [87] The parameter is incorrect
VirtualProtect() failed [87] The parameter is incorrect
VirtualProtect() failed [87] The parameter is incorrect
VirtualProtect() failed [87] The parameter is incorrect
VirtualProtect() failed [87] The parameter is incorrect
VirtualProtect() failed [87] The parameter is incorrect
VirtualProtect() failed [87] The parameter is incorrect
VirtualProtect() failed [87] The parameter is incorrect
VirtualProtect() failed [87] The parameter is incorrect
VirtualProtect() failed [87] The parameter is incorrect
VirtualProtect() failed [87] The parameter is incorrect
VirtualProtect() failed [87] The parameter is incorrect
VirtualProtect() failed [87] The parameter is incorrect
VirtualProtect() failed [87] The parameter is incorrect
VirtualProtect() failed [87] The parameter is incorrect
VirtualProtect() failed [87] The parameter is incorrect
VirtualProtect() failed [87] The parameter is incorrect
VirtualProtect() failed [87] The parameter is incorrect
VirtualProtect() failed [87] The parameter is incorrect
VirtualProtect() failed [87] The parameter is incorrect
VirtualProtect() failed [87] The parameter is incorrect
VirtualProtect() failed [87] The parameter is incorrect
VirtualProtect() failed [87] The parameter is incorrect
VirtualProtect() failed [87] The parameter is incorrect
VirtualProtect() failed [87] The parameter is incorrect
VirtualProtect() failed [87] The parameter is incorrect
VirtualProtect() failed [87] The parameter is incorrect
VirtualProtect() failed [87] The parameter is incorrect
VirtualProtect() failed [87] The parameter is incorrect
VirtualProtect() failed [87] The parameter is incorrect
VirtualProtect() failed [87] The parameter is incorrect
VirtualProtect() failed [87] The parameter is incorrect
VirtualProtect() failed [87] The parameter is incorrect
VirtualProtect() failed [87] The parameter is incorrect
VirtualProtect() failed [87] The parameter is incorrect
VirtualProtect() failed [87] The parameter is incorrect
VirtualProtect() failed [87] The parameter is incorrect
VirtualProtect() failed [87] The parameter is incorrect
VirtualProtect() failed [87] The parameter is incorrect
VirtualProtect() failed [87] The parameter is incorrect
VirtualProtect() failed [87] The parameter is incorrect
VirtualProtect() failed [87] The parameter is incorrect
VirtualProtect() failed [87] The parameter is incorrect
VirtualProtect() failed [87] The parameter is incorrect
VirtualProtect() failed [87] The parameter is incorrect
VirtualProtect() failed [87] The parameter is incorrect
VirtualProtect() failed [87] The parameter is incorrect
VirtualProtect() failed [87] The parameter is incorrect
VirtualProtect() failed [87] The parameter is incorrect
VirtualProtect() failed [87] The parameter is incorrect
VirtualProtect() failed [87] The parameter is incorrect
VirtualProtect() failed [87] The parameter is incorrect
VirtualProtect() failed [87] The parameter is incorrect
VirtualProtect() failed [87] The parameter is incorrect
VirtualProtect() failed [87] The parameter is incorrect
VirtualProtect() failed [87] The parameter is incorrect
VirtualProtect() failed [87] The parameter is incorrect
VirtualProtect() failed [87] The parameter is incorrect
VirtualProtect() failed [87] The parameter is incorrect
VirtualProtect() failed [87] The parameter is incorrect
VirtualProtect() failed [87] The parameter is incorrect
VirtualProtect() failed [87] The parameter is incorrect
VirtualProtect() failed [87] The parameter is incorrect
VirtualProtect() failed [87] The parameter is incorrect
VirtualProtect() failed [87] The parameter is incorrect
VirtualProtect() failed [87] The parameter is incorrect
VirtualProtect() failed [87] The parameter is incorrect
VirtualProtect() failed [87] The parameter is incorrect
VirtualProtect() failed [87] The parameter is incorrect
VirtualProtect() failed [87] The parameter is incorrect
VirtualProtect() failed [87] The parameter is incorrect
VirtualProtect() failed [87] The parameter is incorrect
VirtualProtect() failed [87] The parameter is incorrect
VirtualProtect() failed [87] The parameter is incorrect
VirtualProtect() failed [87] The parameter is incorrect
VirtualProtect() failed [87] The parameter is incorrect
VirtualProtect() failed [87] The parameter is incorrect
VirtualProtect() failed [87] The parameter is incorrect
VirtualProtect() failed [87] The parameter is incorrect
VirtualProtect() failed [87] The parameter is incorrect
VirtualProtect() failed [87] The parameter is incorrect
VirtualProtect() failed [87] The parameter is incorrect
VirtualProtect() failed [87] The parameter is incorrect
VirtualProtect() failed [87] The parameter is incorrect
VirtualProtect() failed [87] The parameter is incorrect
VirtualProtect() failed [87] The parameter is incorrect
VirtualProtect() failed [87] The parameter is incorrect
VirtualProtect() failed [87] The parameter is incorrect
VirtualProtect() failed [87] The parameter is incorrect
VirtualProtect() failed [87] The parameter is incorrect
VirtualProtect() failed [87] The parameter is incorrect
VirtualProtect() failed [87] The parameter is incorrect
VirtualProtect() failed [87] The parameter is incorrect
VirtualProtect() failed [87] The parameter is incorrect
VirtualProtect() failed [87] The parameter is incorrect
VirtualProtect() failed [87] The parameter is incorrect
VirtualProtect() failed [87] The parameter is incorrect
VirtualProtect() failed [87] The parameter is incorrect
VirtualProtect() failed [87] The parameter is incorrect
VirtualProtect() failed [87] The parameter is incorrect
VirtualProtect() failed [87] The parameter is incorrect
VirtualProtect() failed [87] The parameter is incorrect
VirtualProtect() failed [87] The parameter is incorrect
VirtualProtect() failed [87] The parameter is incorrect
VirtualProtect() failed [87] The parameter is incorrect
VirtualProtect() failed [87] The parameter is incorrect
VirtualProtect() failed [87] The parameter is incorrect
VirtualProtect() failed [87] The parameter is incorrect
VirtualProtect() failed [87] The parameter is incorrect
VirtualProtect() failed [87] The parameter is incorrect
[Sun Dec 31 14:36:56.140088 2023] [mpm_winnt:notice] [pid 42272:tid 360] AH00422: Parent: Received shutdown signal -- Shutting down the server.
[Sun Dec 31 14:36:58.169112 2023] [mpm_winnt:notice] [pid 50588:tid 344] AH00364: Child: All worker threads have exited.
[Sun Dec 31 14:36:58.263363 2023] [mpm_winnt:notice] [pid 42272:tid 360] AH00430: Parent: Child process 50588 exited successfully.
